2024-09-02 16:04:17,528 [ERROR] ServerAccessManage:1146 - Warning during Server Connection :  Unknown host sw-center.st.com
2024-09-02 16:04:17,577 [ERROR] ServerAccessManage:1146 - Warning during Server Connection :  Unknown host sw-center.st.com
2024-09-02 16:04:17,586 [ERROR] ServerAccessManage:1146 - Warning during Server Connection :  Unknown host sw-center.st.com
2024-09-02 16:04:17,587 [ERROR] ServerAccessManage:651 - Unknown host server name. : STMicroelectronics.X-CUBE-GNSS1.pdsc.
2024-09-02 16:04:17,591 [ERROR] ServerAccessManage:1146 - Warning during Server Connection :  Unknown host sw-center.st.com
2024-09-02 16:04:17,591 [ERROR] ServerAccessManage:651 - Unknown host server name. : STMicroelectronics.X-CUBE-ISPU.pdsc.
2024-09-02 16:04:17,596 [ERROR] ServerAccessManage:1146 - Warning during Server Connection :  Unknown host sw-center.st.com
2024-09-02 16:04:17,598 [ERROR] ServerAccessManage:651 - Unknown host server name. : STMicroelectronics.X-CUBE-MEMS1.pdsc.
2024-09-02 16:04:17,613 [ERROR] ServerAccessManage:1146 - Warning during Server Connection :  Unknown host sw-center.st.com
2024-09-02 16:04:17,614 [ERROR] ServerAccessManage:651 - Unknown host server name. : STMicroelectronics.X-CUBE-NFC4.pdsc.
2024-09-02 16:04:17,624 [ERROR] ServerAccessManage:1146 - Warning during Server Connection :  Unknown host sw-center.st.com
2024-09-02 16:04:17,624 [ERROR] ServerAccessManage:651 - Unknown host server name. : STMicroelectronics.X-CUBE-NFC6.pdsc.
2024-09-02 16:04:17,627 [ERROR] ServerAccessManage:1146 - Warning during Server Connection :  Unknown host sw-center.st.com
2024-09-02 16:04:17,627 [ERROR] ServerAccessManage:651 - Unknown host server name. : STMicroelectronics.X-CUBE-NFC7.pdsc.
2024-09-02 16:04:17,628 [ERROR] ServerAccessManage:1146 - Warning during Server Connection :  Unknown host sw-center.st.com
2024-09-02 16:04:17,629 [ERROR] ServerAccessManage:651 - Unknown host server name. : STMicroelectronics.X-CUBE-SFXS2LP1.pdsc.
2024-09-02 16:04:17,631 [ERROR] ServerAccessManage:1146 - Warning during Server Connection :  Unknown host sw-center.st.com
2024-09-02 16:04:17,632 [ERROR] ServerAccessManage:651 - Unknown host server name. : STMicroelectronics.X-CUBE-SAFEA1.pdsc.
2024-09-02 16:04:17,633 [ERROR] ServerAccessManage:1146 - Warning during Server Connection :  Unknown host sw-center.st.com
2024-09-02 16:04:17,634 [ERROR] ServerAccessManage:651 - Unknown host server name. : STMicroelectronics.X-CUBE-SUBG2.pdsc.
2024-09-02 16:04:17,640 [ERROR] ServerAccessManage:1146 - Warning during Server Connection :  Unknown host sw-center.st.com
2024-09-02 16:04:17,640 [ERROR] ServerAccessManage:651 - Unknown host server name. : STMicroelectronics.X-CUBE-SMBUS.pdsc.
2024-09-02 16:04:17,642 [ERROR] ServerAccessManage:1146 - Warning during Server Connection :  Unknown host sw-center.st.com
2024-09-02 16:04:17,642 [ERROR] ServerAccessManage:651 - Unknown host server name. : STMicroelectronics.X-CUBE-TCPP.pdsc.
2024-09-02 16:04:17,645 [ERROR] ServerAccessManage:1146 - Warning during Server Connection :  Unknown host sw-center.st.com
2024-09-02 16:04:17,645 [ERROR] ServerAccessManage:651 - Unknown host server name. : STMicroelectronics.X-CUBE-TOF1.pdsc.
2024-09-02 16:04:17,657 [ERROR] ServerAccessManage:1146 - Warning during Server Connection :  Unknown host sw-center.st.com
2024-09-02 16:04:17,657 [ERROR] ServerAccessManage:651 - Unknown host server name. : STMicroelectronics.X-CUBE-TOUCHGFX.pdsc.
2024-09-02 16:04:17,661 [ERROR] ServerAccessManage:1146 - Warning during Server Connection :  Unknown host sw-center.st.com
2024-09-02 16:04:17,661 [ERROR] ServerAccessManage:651 - Unknown host server name. : STMicroelectronics.X-CUBE-ALGOBUILD.pdsc.
2024-09-02 16:04:17,663 [ERROR] ServerAccessManage:1146 - Warning during Server Connection :  Unknown host sw-center.st.com
2024-09-02 16:04:17,663 [ERROR] ServerAccessManage:651 - Unknown host server name. : STMicroelectronics.X-CUBE-AZRTOS-H7.pdsc.
2024-09-02 16:04:17,665 [ERROR] ServerAccessManage:1146 - Warning during Server Connection :  Unknown host sw-center.st.com
2024-09-02 16:04:17,665 [ERROR] ServerAccessManage:651 - Unknown host server name. : STMicroelectronics.X-CUBE-AZRTOS-H7RS.pdsc.
2024-09-02 16:04:17,667 [ERROR] ServerAccessManage:1146 - Warning during Server Connection :  Unknown host sw-center.st.com
2024-09-02 16:04:17,667 [ERROR] ServerAccessManage:651 - Unknown host server name. : STMicroelectronics.X-CUBE-AZRTOS-F4.pdsc.
2024-09-02 16:04:17,669 [ERROR] ServerAccessManage:1146 - Warning during Server Connection :  Unknown host sw-center.st.com
2024-09-02 16:04:17,669 [ERROR] ServerAccessManage:651 - Unknown host server name. : STMicroelectronics.X-CUBE-AZRTOS-F7.pdsc.
2024-09-02 16:04:17,670 [ERROR] ServerAccessManage:1146 - Warning during Server Connection :  Unknown host sw-center.st.com
2024-09-02 16:04:17,671 [ERROR] ServerAccessManage:651 - Unknown host server name. : STMicroelectronics.X-CUBE-AZRTOS-L4.pdsc.
2024-09-02 16:04:17,672 [ERROR] ServerAccessManage:1146 - Warning during Server Connection :  Unknown host sw-center.st.com
2024-09-02 16:04:17,672 [ERROR] ServerAccessManage:651 - Unknown host server name. : STMicroelectronics.X-CUBE-AZRTOS-L5.pdsc.
2024-09-02 16:04:17,674 [ERROR] ServerAccessManage:1146 - Warning during Server Connection :  Unknown host sw-center.st.com
2024-09-02 16:04:17,675 [ERROR] ServerAccessManage:651 - Unknown host server name. : STMicroelectronics.X-CUBE-AZRTOS-G0.pdsc.
2024-09-02 16:04:17,676 [ERROR] ServerAccessManage:1146 - Warning during Server Connection :  Unknown host sw-center.st.com
2024-09-02 16:04:17,676 [ERROR] ServerAccessManage:651 - Unknown host server name. : STMicroelectronics.X-CUBE-AZRTOS-G4.pdsc.
2024-09-02 16:04:17,678 [ERROR] ServerAccessManage:1146 - Warning during Server Connection :  Unknown host sw-center.st.com
2024-09-02 16:04:17,679 [ERROR] ServerAccessManage:651 - Unknown host server name. : STMicroelectronics.X-CUBE-AZRTOS-WB.pdsc.
2024-09-02 16:04:17,680 [ERROR] ServerAccessManage:1146 - Warning during Server Connection :  Unknown host sw-center.st.com
2024-09-02 16:04:17,681 [ERROR] ServerAccessManage:651 - Unknown host server name. : STMicroelectronics.X-CUBE-AZRTOS-WL.pdsc.
2024-09-02 16:04:17,694 [ERROR] ServerAccessManage:1146 - Warning during Server Connection :  Unknown host www.wolfssl.com
2024-09-02 16:04:17,694 [ERROR] ServerAccessManage:651 - Unknown host server name. : wolfSSL.I-CUBE-wolfSSL.pdsc.
2024-09-02 16:04:17,699 [ERROR] ServerAccessManage:1146 - Warning during Server Connection :  Unknown host www.wolfssl.com
2024-09-02 16:04:17,700 [ERROR] ServerAccessManage:651 - Unknown host server name. : wolfSSL.I-CUBE-wolfMQTT.pdsc.
2024-09-02 16:04:17,704 [ERROR] ServerAccessManage:1146 - Warning during Server Connection :  Unknown host www.wolfssl.com
2024-09-02 16:04:17,704 [ERROR] ServerAccessManage:651 - Unknown host server name. : wolfSSL.I-CUBE-wolfTPM.pdsc.
2024-09-02 16:04:17,706 [ERROR] ServerAccessManage:1146 - Warning during Server Connection :  Unknown host www.wolfssl.com
2024-09-02 16:04:17,707 [ERROR] ServerAccessManage:651 - Unknown host server name. : wolfSSL.I-CUBE-wolfSSH.pdsc.
2024-09-02 16:04:17,789 [ERROR] ServerAccessManage:1146 - Warning during Server Connection :  Unknown host download.rt-thread.org
2024-09-02 16:04:17,789 [ERROR] ServerAccessManage:651 - Unknown host server name. : RealThread.X-CUBE-RT-Thread_Nano.pdsc.
2024-09-02 16:04:17,796 [ERROR] ServerAccessManage:1146 - Warning during Server Connection :  Unknown host download.segger.com
2024-09-02 16:04:17,797 [ERROR] ServerAccessManage:651 - Unknown host server name. : SEGGER.I-CUBE-embOS.pdsc.
2024-09-02 16:04:17,802 [ERROR] ServerAccessManage:1146 - Warning during Server Connection :  Unknown host www.system-on-module.com
2024-09-02 16:04:17,802 [ERROR] ServerAccessManage:651 - Unknown host server name. : portGmbH.I-Cube-SoM-uGOAL.pdsc.
2024-09-02 16:04:17,815 [ERROR] ServerAccessManage:1146 - Warning during Server Connection :  Unknown host www.emotas.de
2024-09-02 16:04:17,815 [ERROR] ServerAccessManage:651 - Unknown host server name. : emotas.I-CUBE-CANOPEN.pdsc.
2024-09-02 16:04:17,841 [ERROR] ServerAccessManage:1146 - Warning during Server Connection :  Unknown host www.weston-embedded.com
2024-09-02 16:04:17,842 [ERROR] ServerAccessManage:651 - Unknown host server name. : WES.I-CUBE-Cesium.pdsc.
2024-09-02 16:04:17,891 [ERROR] ServerAccessManage:1146 - Warning during Server Connection :  Unknown host www.ittia.com
2024-09-02 16:04:17,892 [ERROR] ServerAccessManage:651 - Unknown host server name. : ITTIA_DB.I-CUBE-ITTIADB.pdsc.
2024-09-02 16:04:17,933 [ERROR] ServerAccessManage:1146 - Warning during Server Connection :  Unknown host github.com
2024-09-02 16:04:17,934 [ERROR] ServerAccessManage:651 - Unknown host server name. : Infineon.AIROC-Wi-Fi-Bluetooth-STM32.pdsc.
2024-09-02 16:04:17,936 [ERROR] ServerAccessManage:1146 - Warning during Server Connection :  Unknown host github.com
2024-09-02 16:04:17,936 [ERROR] ServerAccessManage:651 - Unknown host server name. : Cesanta.I-CUBE-Mongoose.pdsc.
2024-09-02 16:04:17,939 [ERROR] ServerAccessManage:1146 - Warning during Server Connection :  Unknown host www.embedded-office.net
2024-09-02 16:04:17,939 [ERROR] ServerAccessManage:651 - Unknown host server name. : EmbeddedOffice.I-CUBE-FS-RTOS.pdsc.
2024-09-02 16:04:17,979 [WARN] MainUpdater:1194 - Updater busy. Cannot search thirdparties
2024-09-02 16:04:17,980 [INFO] ThirdPartyUpdaterWithRetryManager:96 - Updater plugin is busy. [14/15]
2024-09-02 16:04:18,337 [WARN] PackLoader:240 - Cannot read IP mode file for STMicroelectronics.FP-ATR-ASTRA1.2.0.0
2024-09-02 16:04:18,404 [WARN] CheckServerUpdateThread:151 - Open CheckUpdateFile Fail
2024-09-02 16:04:18,440 [WARN] PackLoader:240 - Cannot read IP mode file for STMicroelectronics.FP-ATR-SIGFOX1.3.2.0
2024-09-02 16:04:18,577 [WARN] PackLoader:240 - Cannot read IP mode file for STMicroelectronics.FP-SNS-STBOX1.2.0.0
2024-09-02 16:04:18,807 [WARN] PackLoader:240 - Cannot read IP mode file for STMicroelectronics.FP-SNS-FLIGHT1.5.0.2
2024-09-02 16:04:18,913 [WARN] PackLoader:240 - Cannot read IP mode file for STMicroelectronics.FP-SNS-MOTENV1.5.0.0
2024-09-02 16:04:18,974 [WARN] PackLoader:240 - Cannot read IP mode file for STMicroelectronics.FP-SNS-MOTENVWB1.1.4.0
2024-09-02 16:04:19,181 [INFO] CheckServerUpdateThread:120 - End of CheckServer Thread
2024-09-02 16:04:19,209 [WARN] PackLoader:240 - Cannot read IP mode file for STMicroelectronics.FP-SNS-SMARTAG2.1.2.0
2024-09-02 16:04:19,232 [WARN] PackLoader:240 - Cannot read IP mode file for STMicroelectronics.X-CUBE-AI.9.0.0
2024-09-02 16:04:19,304 [WARN] PackLoader:240 - Cannot read IP mode file for STMicroelectronics.X-CUBE-ALS.1.0.2
2024-09-02 16:04:19,511 [WARN] PackLoader:240 - Cannot read IP mode file for STMicroelectronics.X-CUBE-BLE1.7.0.0
2024-09-02 16:04:19,524 [WARN] PackLoader:240 - Cannot read IP mode file for STMicroelectronics.X-CUBE-BLE2.3.3.0
2024-09-02 16:04:19,657 [WARN] PackLoader:240 - Cannot read IP mode file for STMicroelectronics.X-CUBE-BLEMGR.3.1.0
2024-09-02 16:04:19,826 [WARN] PackLoader:240 - Cannot read IP mode file for STMicroelectronics.X-CUBE-DISPLAY.3.0.0
2024-09-02 16:04:19,944 [WARN] PackLoader:240 - Cannot read IP mode file for STMicroelectronics.X-CUBE-DPower.1.2.0
2024-09-02 16:04:19,961 [WARN] PackLoader:240 - Cannot read IP mode file for STMicroelectronics.X-CUBE-EEPRMA1.5.1.0
2024-09-02 16:04:20,014 [WARN] PackLoader:240 - Cannot read IP mode file for STMicroelectronics.X-CUBE-FREERTOS.1.2.0
2024-09-02 16:04:20,017 [INFO] PopulateThirdPartyThread:66 - Ending populate Thread
2024-09-02 16:04:20,020 [INFO] ThirdParty:1030 - CMSIS Pack Vendor :STMicroelectronics FP-SNS-STBOX1 2.0.0
2024-09-02 16:04:20,021 [INFO] ThirdParty:1030 - CMSIS Pack Vendor :STMicroelectronics X-CUBE-BLEMGR 3.1.0
2024-09-02 16:04:20,021 [INFO] ThirdParty:1030 - CMSIS Pack Vendor :STMicroelectronics X-CUBE-DISPLAY 3.0.0
2024-09-02 16:04:20,021 [INFO] ThirdParty:1030 - CMSIS Pack Vendor :STMicroelectronics FP-SNS-SMARTAG2 1.2.0
2024-09-02 16:04:20,021 [INFO] ThirdParty:1030 - CMSIS Pack Vendor :STMicroelectronics FP-SNS-MOTENVWB1 1.4.0
2024-09-02 16:04:20,021 [INFO] ThirdParty:1030 - CMSIS Pack Vendor :STMicroelectronics FP-ATR-SIGFOX1 3.2.0
2024-09-02 16:04:20,021 [INFO] ThirdParty:1030 - CMSIS Pack Vendor :STMicroelectronics X-CUBE-BLE1 7.0.0
2024-09-02 16:04:20,022 [INFO] ThirdParty:1030 - CMSIS Pack Vendor :STMicroelectronics FP-SNS-MOTENV1 5.0.0
2024-09-02 16:04:20,022 [INFO] ThirdParty:1030 - CMSIS Pack Vendor :STMicroelectronics X-CUBE-DPower 1.2.0
2024-09-02 16:04:20,022 [INFO] ThirdParty:1030 - CMSIS Pack Vendor :STMicroelectronics X-CUBE-EEPRMA1 5.1.0
2024-09-02 16:04:20,022 [INFO] ThirdParty:1030 - CMSIS Pack Vendor :STMicroelectronics X-CUBE-ALS 1.0.2
2024-09-02 16:04:20,023 [INFO] ThirdParty:1030 - CMSIS Pack Vendor :STMicroelectronics X-CUBE-FREERTOS 1.2.0
2024-09-02 16:04:20,023 [INFO] ThirdParty:1030 - CMSIS Pack Vendor :STMicroelectronics FP-ATR-ASTRA1 2.0.0
2024-09-02 16:04:20,023 [INFO] ThirdParty:1030 - CMSIS Pack Vendor :STMicroelectronics FP-SNS-FLIGHT1 5.0.2
2024-09-02 16:04:20,023 [INFO] ThirdParty:1030 - CMSIS Pack Vendor :STMicroelectronics X-CUBE-BLE2 3.3.0
2024-09-02 16:04:20,023 [INFO] ThirdParty:1030 - CMSIS Pack Vendor :STMicroelectronics X-CUBE-AI 9.0.0
2024-09-02 16:04:20,024 [INFO] LoadServerUpdatesThread:375 - End of LoadServerUpdate Thread
2024-09-02 16:04:20,507 [INFO] WebApp:189 - Connection lost
2024-09-02 16:04:22,120 [WARN] PackLoader:240 - Cannot read IP mode file for STMicroelectronics.FP-SNS-MOTENVWB1.1.4.0
2024-09-02 16:04:22,129 [WARN] PackLoader:240 - Cannot read IP mode file for STMicroelectronics.FP-SNS-FLIGHT1.5.0.2
2024-09-02 16:04:22,143 [WARN] PackLoader:240 - Cannot read IP mode file for STMicroelectronics.X-CUBE-DISPLAY.3.0.0
2024-09-02 16:04:22,170 [WARN] PackLoader:240 - Cannot read IP mode file for STMicroelectronics.X-CUBE-BLE1.7.0.0
2024-09-02 16:04:22,194 [WARN] PackLoader:240 - Cannot read IP mode file for STMicroelectronics.X-CUBE-BLEMGR.3.1.0
2024-09-02 16:04:22,210 [WARN] PackLoader:240 - Cannot read IP mode file for STMicroelectronics.FP-SNS-SMARTAG2.1.2.0
2024-09-02 16:04:22,222 [WARN] PackLoader:240 - Cannot read IP mode file for STMicroelectronics.FP-SNS-MOTENV1.5.0.0
2024-09-02 16:04:22,241 [WARN] PackLoader:240 - Cannot read IP mode file for STMicroelectronics.X-CUBE-BLE2.3.3.0
2024-09-02 16:04:22,248 [WARN] PackLoader:240 - Cannot read IP mode file for STMicroelectronics.FP-ATR-SIGFOX1.3.2.0
2024-09-02 16:04:22,259 [WARN] PackLoader:240 - Cannot read IP mode file for STMicroelectronics.X-CUBE-EEPRMA1.5.1.0
2024-09-02 16:04:22,271 [WARN] PackLoader:240 - Cannot read IP mode file for STMicroelectronics.X-CUBE-FREERTOS.1.2.0
2024-09-02 16:04:22,280 [WARN] PackLoader:240 - Cannot read IP mode file for STMicroelectronics.X-CUBE-DPower.1.2.0
2024-09-02 16:04:22,290 [WARN] PackLoader:240 - Cannot read IP mode file for STMicroelectronics.X-CUBE-AI.9.0.0
2024-09-02 16:04:22,305 [WARN] PackLoader:240 - Cannot read IP mode file for STMicroelectronics.FP-SNS-STBOX1.2.0.0
2024-09-02 16:04:22,320 [WARN] PackLoader:240 - Cannot read IP mode file for STMicroelectronics.X-CUBE-ALS.1.0.2
2024-09-02 16:04:22,331 [WARN] PackLoader:240 - Cannot read IP mode file for STMicroelectronics.FP-ATR-ASTRA1.2.0.0
2024-09-02 16:04:22,337 [INFO] ThirdParty:978 - Integrity check success = true
2024-09-02 16:04:22,338 [INFO] IntegrityCheckThread:100 - exiting critical section [integrity check]
2024-09-02 16:04:22,338 [INFO] IntegrityCheckThread:103 - End integrity checks thread
2024-09-02 16:04:44,279 [INFO] WebApp:186 - Connection restablished
